{'g', 'a'},{'f', 'a'},{'x', 'd'},{'x', 'g'},{'a', 'd'},{'x', 'x'},{'v', 'g'},{'d', 'a'},{'a', 'g'},{'g', 'f'},{'f', 'f'},{'d', 'x'},{'x', 'v'},{'v', 'v'},{'a', 'a'},{'x', 'a'},{'v', 'x'},{'f', 'v'},{'d', 'g'},{'f', 'd'},{'g', 'x'},{'f', 'x'},{'v', 'f'},{'f', 'g'},{'a', 'f'},{'g', 'd'},



2,1,6,0,3,4,5,



a: 7.52831
b: 1.53231
c: 2.93138
d: 4.33045
e: 13.32445
f: 2.53165
g: 2.46502
h: 6.19587
i: 6.19587
j: 0.13324
k: 1.06596
l: 3.99734
m: 1.79880
n: 7.12858
o: 7.52831
p: 3.66422
q: 0.00000
r: 6.32911
s: 6.92871
t: 8.66089
u: 2.93138
v: 0.33311
w: 1.73218
x: 0.13324
y: 0.46636
z: 0.13324




FDDAADVV: XVAAVVGXXVADVVFD XADXGAGDGA.
XDDAGAAGVVDG FVGAFDFDDXAD GADG FDDAADAF DXGADGDA FDDAAD VVADXDFF AAXX ADXVXAADFVAAFV XAGADXXAGAFDAGVVAD. FVAAXAADDG XXAADXDXAAVF
DGGXAGFD—DXGADGDGAADG DXAAAAXAAGVVVG GAFVAAGXVVXG FDDAAD DGFDGAFDGXAD’DG XVAGXGXGDXAD. FDDAAD XVGAXG XDDAADADFVDG AAXX FDDAAD XDFVAAVFXG GADG
FDDAADAF XAGXDXDX, GAVVXG XAGXDXDX, GAVVXG XAGXDXDX. XGAGDGGAXAXAAAAGVVFDADXG VGFVAAGAVVDG GADG FDDAAD DGFDAAVVAD XXAGFGFDGXFVAD FVADXXGXDGADDG
FDAA FAGXXGVGAD. FAGXFD FDDAADVV DGAAXVADAAVVAD VFDAAGXADG FDDAAD XDDAGAAGVVDG GAFVAAGXVVXG FDDAAD FAGAXDFF ADVVXGDG AAXX GA XDAAGXXADXAD AAXX
DAADGAFXAF-VGGAGXVGAD DGXAADADXGADFVDG, GAVVXG FDDAADVV ADVVVGAGVVADDG VFGAFVFADXAD GAVVXG DAGXXV FDAA DXAGXXAD FDDAAD DGXAADADXGADFVDG VGGXVV
AGFD GAVVXG GAVGGAAGVV FDDAAD XDFVAAVFXG XAGXDXDXDG. FDDAAD DGAAGXVVXG DXAGFFAD GA VGAGGAVVFD FAAAVVAD FAFVADGAFFAGVVVG.
GA XXFVGAXDFDGXFVAD GAXAXAADGAFVDG GAFD FDDAAD FAGADGAD AAXX FDDAAD DGFDGAFDGXAD. XVAAFVAD XDDAADADFVAGVVVG. AFADDXDXAGVVVG. GAVVXG
GAXAXADXGAGXDGAD GADG AGFD XDAAXVADDG XDFVGADGDAAGVVVG XGAAVFVV. FDDAAD DAADGAXG AAXX FDDAAD DGFDGAFDGXAD DGVVGAXADG AAXXXX, VGAAADDG
FVAADXDXAGVVVG GAVVXG XDFVGADGDAAGVVVG AGVVFDAA GA XXAAGXVVFDGAAGVV. XGGAFVFF VFGAFDADFV DGXADXGADGDAADDG. FDDAAD XDFVAAVFXG DXGAGXVGDADG.
GAVVXG FDDAADVV: FDDAAD VFDAAAAAXAAGVVVG AAXX FFDXGAFGAAVVDG. FVADXG DXAGVGDAFDDG DGFDFVAAFAAD. FDDAFVADAD GAAGFVDGXAADADXGADFVDG
DGVFAAAAXA XGAAVFVV XXFVAAXV FDDAAD FDFVGAXXXXAGXD DXGAVVADDG GAFAAAFXAD AGXVXAADFVAGGADX XAAADXAGXDAD.
FVADXG GAVVXG  FADXGAXDFF DAADDXXVADFDDG. FDDAAD VGDXAAVF AAXX FDDAADAGFV DXAGVGDAFDDG FVADXXDXADXDFDADXG FAGAXDFF AGVV FDDAADAGFV
DAADDXXVADFDDG. FDDAADFVAD XDAAXVADDG VVAA VFGAFVVVAGVVVG. VVAA XGADXVGAVVXG FDAA DGFDGAVVXG XGAAVFVV. FDDAAD DXGADGADFV XDGAVVVVAAVVDG GAFD
FDDAAD XXAAFVAD AAXX ADGAXDDA GAAGFVDGXAADADXGADFV AAXAADVV XXAGFVAD. FVADXG FAAADXFDDG DGADGAFV FDDAAD GAAGFV. FDDAAD XDFVAAVFXG AGDG XDGXFD
GAXAGAFVFD. FAAAXGAGADDG XGFVAAXAXAADXG GAVVXG DGFDAGFDXDDAADXG VFAGFDDA XXAGFVAD. FAGXFD DGFDAGDXDX, FDDAAADGAD VGGAFDDAADFVADXG GAFVAD VVAAFD
XDAAVFADXG. FDDAADAF GAFVAD VVAA DXAAVVVGADFV GA XDFVAAVFXG. VVAAVF FDDAADAF GAFVAD GA XVAAFA. FDDAADAF DGFDGAFVFD XAAGXDFFAGVVVG GXXA
DAGXVVFFDG AAXX FDDAAD XAGADXXAGAFDAGVVAD DGFDGAFDGXAD GAVVXG DXAAFAFAAGVVVG FDDAADXV GXXA GAFD FDDAAD GAAGFVDGXAADADXGADFVDG. AAVVAD AAXX
FDDAAD DGXAADADXGADFVDG DGVFAGVVVGDG FDAA FDDAAD DGAGXGAD FDAA GAFXAAAGXG GAVV AGVVXDAAXVAGVVVG XDDAGXVVFF AAXX DGFDAAVVAD GAVVXG AGFD
FAGXXVXADG GAVVAAFDDAADFV DGXAADADXGADFV, AGVVFDADFVFVGXXAFDAGVVVG AGFDDG XXAGFVAD. XDAAFVGXDGXDGAVVFDAG XDAGFDAGGDADVVDG XDDXAGXVFA GXXA FDDAAD
DGFDAAVVAD DGXAAGFVAD FAADDAAGVVXG FAAAFDDA DGXAADADXGADFVDG GA DGXAAGFVAD AAVV VFDAAGXDDA GAFVAD VFFVAGFDFDADVV FDDAAD AGXVXAADFVAGGADX
FXGADXGXADDG AAXX AAFVXGADFV, XDAAVVFDFVAADX, GAVVXG FDDAAD FVGXDXAD AAXX DXGAVF GAVVXG FAADVGAGVV GFGXXVXAAGVVVG AAVVFDAA FDDAAD
XAAADXAGXDAD XDFVGXAGDGADFVDG. AAVVAD DAADDXXVADFDADXG XDAAXA AGDG XXDXGXVVVG XXFVAAXV DAAGDG FXADDAAGXDDXAD. FDDAAD AAFDDAADFV XDFVGAVFDXDG
AAGXFD AAVVFDAA FDDAAD DAAAAAXG AAXX DAAGDG DGXAADADXGADFV, AAXAADVVAGVVVG XXAGFVAD VFAGFDDA GA XAGAAGFV AAXX FADXGADGFDADFVDG GFGXDGFD GADG
GA DAGXVVFF AAXX DGFDAAVVAD XDFVGAXDFFDG DAAGXV AGVV FDDAAD DAADDXXVADFD, FFVVAAXDFFAGVVVG DAAGXV FDAA FDDAAD VGFVAAGXVVXG.FDDAAD AAFDDAADFV
FDVFAA GAAGFVDGXAADADXGADFVDG DXAGXXFD DAAGVGDAADFV GAVVXG FFADADXA XXAGFVAGVVVG.




then: monument plaza.
chains rattle as they lash the neck of emperor palpatine. ropes follow
suit—lassos looping around the statue’s middle. the mad cheers of the crowd as
they pull, and pull, and pull. disappointed groans as the stone fixture refuses
to budge. but then someone whips the chains around the back ends of a couple of
heavy-gauge speeders, and then engines warble and hum to life the speeders gun
it and again the crowd pulls. the sound like a giant bone breaking.
a fracture appears at the base of the statue. more cheering. yelling. and
applause as it comes crashing down. the head of the statue snaps off, goes
rolling and crashing into a fountain. dark water splashes. the crowd laughs.
and then: the whooping of klaxons. red lights strobe. three airspeeders
swoop down from the traffic lanes above imperial police.
red and  black helmets. the glow of their lights reflected back in their
helmets. there comes no warning. no demand to stand down. the laser cannons at
the fore of each airspeeder open fire. red bolts sear the air. the crowd is cut
apart. bodies dropped and stitched with fire. but still, those gathered are not
cowed. they are no longer a crowd. now they are a mob. they start picking up
hunks of the palpatine statue and lobbing them up at the airspeeders. one of
the speeders swings to the side to avoid an incoming chunk of stone and it
bumps another speeder, interrupting its fire. coruscanti citizens climb up the
stone spire behind both speeders a spire on which are written the imperial
values of order, control, and the rule of law and begin jumping onto the
police cruisers. one helmeted cop is flung from his vehicle. the other crawls
out onto the hood of his speeder, opening fire with a pair of blasters just as
a hunk of stone cracks him in the helmet, knocking him to the ground.the other
two airspeeders lift higher and keep firing.
It WORKS!




FDDAA
DVVXV
AAVVG
XXVAD
VVFDX
ADXGA
GDGAX
DDAGA
AGVVD
GFVGA
FDFDD
XADGA
DGFDD
AADAF
DXGAD
GDAFD
DAADV
VADXD
FFAAX
XADXV
XAADF
VAAFV
XAGAD
XXAGA
FDAGV
VADFV
AAXAA
DDGXX
AADXD
XAAVF
DGGXA
GFDDX
GADGD
GAADG
DXAAA
AXAAG
VVVGG
AFVAA
GXVVX
GFDDA
ADDGF
DGAFD
GXADD
GXVAG
XGXGD
XADFD
DAADX
VGAXG
XDDAA
DADFV
DGAAX
XFDDA
ADXDF
VAAVF
XGGAD
GFDDA
ADAFX
AGXDX
DXGAV
VXGXA
GXDXD
XGAVV
XGXAG
XDXDX
XGAGD
GGAXA
XAAAA
GVVFD
ADXGV
GFVAA
GAVVD
GGADG
FDDAA
DDGFD
AAVVA
DXXAG
FGFDG
XFVAD
FVADX
XGXDG
ADDGF
DAAFA
GXXGV
GADFA
GXFDF
DDAAD
VVDGA
AXVAD
AAVVA
DVFDA
AGXAD
GFDDA
ADXDD
AGAAG
VVDGG
AFVAA
GXVVX
GFDDA
ADFAG
AXDFF
ADVVX
GDGAA
XXGAX
DAAGX
XADXA
DAAXX
DAADG
AFXAF
VGGAG
XVGAD
DGXAA
DADXG
ADFVD
GGAVV
XGFDD
AADVV
ADVVV
GAGVV
ADDGV
FGAFV
FADXA
DGAVV
XGDAG
XXVFD
AADXA
GXXAD
FDDAA
DDGXA
ADADX
GADFV
DGVGG
XVVAG
FDGAV
VXGGA
VGGAA
GVVFD
DAADX
DFVAA
VFXGX
AGXDX
DXDGF
DDAAD
DGAAG
XVVXG
DXAGF
FADGA
VGAGG
AVVFD
FAAAV
VADFA
FVADG
AFFAG
VVVGG
AXXFV
GAXDF
DGXFV
ADGAX
AXAAD
GAFVD
GGAFD
FDDAA
DFAGA
DGADA
AXXFD
DAADD
GFDGA
FDGXA
DXVAA
FVADX
DDAAD
ADFVA
GVVVG
AFADD
XDXAG
VVVGG
AVVXG
GAXAX
ADXGA
GXDGA
DGADG
AGFDX
DAAXV
ADDGX
DFVGA
DGDAA
GVVVG
XGAAV
FVVFD
DAADD
AADGA
XGAAX
XFDDA
ADDGF
DGAFD
GXADD
GVVGA
XADGA
AXXXX
VGAAA
DDGFV
AADXD
XAGVV
VGGAV
VXGXD
FVGAD
GDAAG
VVVGA
GVVFD
AAGAX
XAAGX
VVFDG
AAGVV
XGGAF
VFFVF
GAFDA
DFVDG
XADXG
ADGDA
ADDGF
DDAAD
XDFVA
AVFXG
DXGAG
XVGDA
DGGAV
VXGFD
DAADV
VFDDA
ADVFD
AAAAA
XAAGV
VVGAA
XXFFD
XGAFG
AAVVD
GFVAD
XGDXA
GVGDA
FDDGD
GFDFV
AAFAA
DFDDA
FVADA
DGAAG
FVDGX
AADAD
XGADF
VDGDG
VFAAA
AXAXG
AAVFV
VXXFV
AAXVF
DDAAD
FDFVG
AXXXX
AGXDD
XGAVV
ADDGG
AFAAA
FXADA
GXVXA
ADFVA
GGADX
XAAAD
XAGXD
ADFVA
DXGGA
VVXGF
ADXGA
XDFFD
AADDX
XVADF
DDGFD
DAADV
GDXAA
VFAAX
XFDDA
ADAGF
VDXAG
VGDAF
DDGFV
ADXXD
XADXD
FDADX
GFAGA
XDFFA
GVVFD
DAADA
GFVDA
ADDXX
VADFD
DGFDD
AADFV
ADXDA
AXVAD
DGVVA
AVFGA
FVVVA
GVVVG
VVAAX
GADXV
GAVVX
GFDAA
DGFDG
AVVXG
XGAAV
FVVFD
DAADD
XGADG
ADFVX
DGAVV
VVAAV
VDGGA
FDFDD
AADXX
AAFVA
DAAXX
ADGAX
DDAGA
AGFVD
GXAAD
ADXGA
DFVAA
XAADV
VXXAG
FVADF
VADXG
FAAAD
XFDDG
DGADG
AFVFD
DAADG
AAGFV
FDDAA
DXDFV
AAVFX
GAGDG
XDGXF
DGAXA
GAFVF
DFAAA
XGAGA
DDGXG
FVAAX
AXAAD
XGGAV
VXGDG
FDAGF
DXDDA
ADXGV
FAGFD
DAXXA
GFVAD
FAGXF
DDGFD
AGDXD
XFDDA
AADGA
DVGGA
FDDAA
DFVAD
XGGAF
VADVV
AAFDX
DAAVF
ADXGF
DDAAD
AFGAF
VADVV
AADXA
AVVVG
ADFVG
AXDFV
AAVFX
GVVAA
VFFDD
AADAF
GAFVA
DGAXV
AAFAF
DDAAD
AFDGF
DGAFV
FDXAA
GXDFF
AGVVV
GGXXA
DAGXV
VFFDG
AAXXF
DDAAD
XAGAD
XXAGA
FDAGV
VADDG
FDGAF
DGXAD
GAVVX
GDXAA
FAFAA
GVVVG
FDDAA
DXVGX
XAGAF
DFDDA
ADGAA
GFVDG
XAADA
DXGAD
FVDGA
AVVAD
AAXXF
DDAAD
DGXAA
DADXG
ADFVD
GDGVF
AGVVV
GDGFD
AAFDD
AADDG
AGXGA
DFDAA
GAFXA
AAGXG
GAVVA
GVVXD
AAXVA
GVVVG
XDDAG
XVVFF
AAXXD
GFDAA
VVADG
AVVXG
AGFDF
AGXXV
XADGG
AVVAA
FDDAA
DFVDG
XAADA
DXGAD
FVAGV
VFDAD
FVFVG
XXAFD
AGVVV
GAGFD
DGXXA
GFVAD
XDAAF
VGXDG
XDGAV
VFDAG
XDAGF
DAGGD
ADVVD
GXDDX
AGXVF
AGXXA
FDDAA
DDGFD
AAVVA
DDGXA
AGFVA
DFAAD
DAAGV
VXGFA
AAFDD
ADGXA
ADADX
GADFV
DGGAD
GXAAG
FVADA
AVVVF
DAAGX
DDAGA
FVADV
FFVAG
FDFDA
DVVFD
DAADA
GXVXA
ADFVA
GGADX
FXGAD
XGXAD
DGAAX
XAAFV
XGADF
VXDAA
VVFDF
VAADX
GAVVX
GFDDA
ADFVG
XDXAD
AAXXD
XGAVF
GAVVX
GFAAD
VGAGV
VGFGX
XVXAA
GVVVG
AAVVF
DAAFD
DAADX
AAADX
AGXDA
DXDFV
GXAGD
GADFV
DGAAV
VADDA
ADDXX
VADFD
ADXGX
DAAXA
AGDGX
XDXGX
VVVGX
XFVAA
XVDAA
GDGFX
ADDAA
GXDDX
ADFDD
AADAA
FDDAA
DFVXD
FVGAV
FDXDG
AAGXF
DAAVV
FDAAF
DDAAD
DAAAA
AXGAA
XXDAA
GDGDG
XAADA
DXGAD
FVAAX
AADVV
AGVVV
GXXAG
FVADV
FAGFD
DAGAX
AGAAG
FVAAX
XFADX
GADGF
DADFV
DGGFG
XDGFD
GADGG
ADAGX
VVFFA
AXXDG
FDAAV
VADXD
FVGAX
DFFDG
DAAGX
VAGVV
FDDAA
DDAAD
DXXVA
DFDFF
VVAAX
DFFAG
VVVGD
AAGXV
FDAAF
DDAAD
VGFVA
AGXVV
XGFDD
AADAA
FDDAA
DFVFD
VFAAG
AAGFV
DGXAA
DADXG
ADFVD
GDXAG
XXFDD
AAGVG
DAADF
VGAVV
XGFFA
DADXA
XXAGF
VAGVV
VG




DDAAF
VVXVD
AVVGA
XVADX
VFDXV
DXGAA
DGAXG
DAGAD
GVVDA
FVGAG
DFDDF
ADGAX
GFDDD
ADAFA
XGADD
DAFDG
AADVD
ADXDV
FAAXF
ADXVX
AADFX
AAFVV
AGADX
XAGAX
DAGVF
ADFVV
AXAAA
DGXXD
ADXDA
AAVFX
GGXAD
FDDXG
ADGDG
AADGG
XAAAD
XAAGA
VVGGV
FVAAA
XVVXG
FDDAG
DDGFA
GAFDD
XADDG
XVAGG
GXGDX
ADFDX
AADXD
GAXGV
DDAAX
ADFVD
GAAXD
FDDAX
DXDFA
AAVFV
GGADX
FDDAG
DAFXA
GXDXA
XGAVD
XGXAV
XDXDG
GAVVX
GXAGX
DXDXX
GAGDX
GAXAG
AAAAX
VVFDG
DXGVA
FVAAG
AVVDG
GADGG
DDAAF
DGFDD
AVVAA
XXAGD
GFDGF
FVADX
VADXF
GXDGX
DDGFA
AAFAD
XXGVG
ADFAG
XFDFG
DAADD
VDGAV
XVADA
AVVAA
VFDAD
GXADA
FDDAG
DXDDA
GAAGA
VDGGV
FVAAA
XVVXG
FDDAG
DFAGA
XDFFA
DVVXA
DGAAG
XGAXX
AAGXD
ADXAX
AAXXD
AADGD
FXAFA
GGAGV
VGADX
GXAAD
ADXGD
DFVDA
GAVVG
GFDDX
ADVVA
DVVVA
AGVVG
DDGVA
GAFVF
ADXAF
GAVVD
GDAGX
XVFDX
ADXAA
XXADG
DDAAF
DGXAD
DADXA
ADFVG
GVGGD
VVAGX
DGAVF
XGGAV
GGAAV
VVFDG
AADXD
FVAAD
FXGXV
GXDXA
XDGFD
DAADD
GAAGD
VVXGX
XAGFD
ADGAF
GAGGV
VVFDA
AAAVF
ADFAV
VADGF
FFAGA
VVGGV
XXFVA
AXDFG
GXFVD
DGAXA
XAADA
AFVDG
GAFDG
DDAAF
FAGAD
GADAD
XXFDA
AADDD
FDGAG
DGXAF
XVAAD
VADXF
DAADD
DFVAA
VVVGG
FADDA
DXAGX
VVGGV
VVXGA
AXAXG
DXGAA
XDGAG
GADGD
GFDXA
AAXVD
DDGXA
FVGAD
GDAAD
VVVGG
GAAVX
VVFDF
AADDD
ADGAA
GAAXX
FDDAX
DDGFA
GAFDD
XADDG
VVGAG
ADGAX
XXXXA
GAAAV
DGFVD
ADXDA
AGVVX
GGAVV
XGXDV
VGADF
DAAGG
VVGAV
VVFDG
AGAXA
AAGXX
VFDGV
AGVVA
GGAFX
FFVFV
AFDAG
FVDGD
ADXGX
DGDAA
DDGFA
DAADD
DFVAX
VFXGA
XGAGD
VGDAX
GGAVD
XGFDV
AADVD
FDDAV
DVFDA
AAAAA
AAGVX
VGAAV
XFFDX
GAFGX
AVVDA
FVADG
GDXAX
VGDAG
DDGDF
FDFVG
AFAAA
FDDAD
VADAF
GAAGD
VDGXF
ADADA
GADFX
DGDGV
FAAAV
XAXGA
AVFVA
XXFVV
AXVFA
DAADD
DFVGF
XXXXA
GXDDA
GAVVX
DDGGA
FAAAA
XADAF
XVXAG
DFVAA
GADXG
AAADX
AGXDX
DFVAA
XGGAD
VXGFV
DXGAA
DFFDX
ADDXA
VADFX
DGFDD
AADVD
DXAAG
FAAXV
FDDAX
DAGFA
DXAGV
GDAFV
DGFVD
DXXDA
ADXDX
DADXF
FAGAG
DFFAX
VVFDG
AADAD
FVDAG
DDXXA
ADFDV
GFDDD
ADFVA
DXDAA
XVADA
GVVAD
VFGAA
VVVAF
VVVGG
VAAXV
ADXVG
AVVXG
FDAAG
GFDGD
VVXGA
GAAVX
VVFDF
AADDD
GADGX
DFVXA
GAVVD
VAAVV
DGGAV
DFDDF
ADXXA
AFVAA
AAXXD
DGAXA
DAGAD
GFVDA
XAADG
DXGAA
FVAAD
AADVX
XXAGV
VADFF
ADXGV
AAADF
FDDGX
GADGD
FVFDA
AADGD
AGFVA
DDAAF
XDFVD
AVFXA
AGDGG
DGXFX
GAXAD
AFVFG
FAAAD
GAGAX
DGXGD
VAAXF
XAADA
GGAVX
XGDGV
DAGFF
XDDAD
DXGVA
AGFDF
AXXAD
FVADG
AGXFF
DGFDD
GDXDA
FDDAX
ADGAA
VGGAD
DDAAF
FVADD
GGAFX
ADVVV
AFDXA
AAVFD
DXGFA
DAADD
FGAFA
ADVVV
ADXAA
VVVGA
DFVGA
XDFVA
AVFXA
VVAAG
FFDDV
ADAFA
AFVAG
GAXVD
AFAFA
DAADD
FDGFA
GAFVD
DXAAF
XDFFG
GVVVA
GXXAG
AGXVD
FFDGV
AXXFA
DAADD
AGADX
XAGAX
DAGVF
ADDGV
DGAFF
GXADD
AVVXG
DXAAG
AFAAF
VVVGG
DDAAF
XVGXD
AGAFX
FDDAD
DGAAA
FVDGG
AADAX
XGADD
VDGAF
VVADA
AXXFA
DAADD
GXAAD
ADXGD
DFVDA
DGVFG
GVVVA
DGFDG
AFDDA
ADDGA
GXGAA
FDAAD
AFXAG
AGXGA
AVVAG
VVXDG
AXVAA
VVVGG
DDAGX
VVFFX
AXXDA
FDAAG
VADGV
VVXGA
GFDFA
GXXVA
ADGGX
VVAAA
DDAAF
FVDGD
AADAX
XGADD
VAGVF
FDADV
VFVGF
XAFDX
GVVVA
AGFDG
GXXAD
FVADG
DAAFX
GXDGV
DGAVX
FDAGV
DAGFX
AGGDD
DVVDA
XDDXG
GXVFA
GXXAA
DDAAF
DGFDD
AVVAA
DGXAD
GFVAA
FAADD
AAGVD
XGFAV
AFDDA
DGXAA
DADXA
ADFVG
GGADD
XAAGG
VADAF
VVVFA
AAGXD
DAGAD
VADVF
FVAGF
DFDAF
VVFDD
AADAD
XVXAG
DFVAA
GADXG
XGADF
GXADX
GAAXD
AAFVX
GADFX
XDAAV
VFDFV
AADXV
AVVXG
FDDAG
DFVGA
DXADX
AXXDA
GAVFX
AVVXG
FAADG
GAGVV
GFGXV
VXAAX
VVVGG
AVVFA
AAFDD
AADXD
AADXA
GXDAA
XDFVD
XAGDG
ADFVG
GAAVD
ADDAV
DDXXA
ADFDV
DXGXA
AAXAD
GDGXA
DXGXX
VVGXV
FVAAX
VDAAX
DGFXG
DDAAA
XDDXG
DFDDA
ADAAA
DDAAF
FVXDD
VGAVF
DXDGF
AGXFA
AAVVD
DAAFF
DAADD
AAAAD
XGAAA
XDAAX
DGDGG
AADAX
XGADD
VAAXF
ADVVA
GVVVA
XXAGG
VADVF
AGFDF
AGAXD
GAAGA
VAAXF
FADXX
ADGFG
ADFVD
GGFGD
DGFDX
ADGGG
DAGXA
VFFAV
XXDGA
DAAVF
ADXDV
VGAXF
FFDGD
AAGXD
AGVVV
DDAAF
DAADD
XXVAD
FDFFD
VAAXV
FFAGD
VVGDV
AGXVA
DAAFF
DAADD
GFVAV
GXVVA
GFDDX
ADAAA
DDAAF
FVFDD
FAAGV
AGFVA
GXAAD
ADXGD
DFVDA
DXAGG
XFDDX
AGVGA
AADFD
GAVVV
GFFAX
ADXAD
XAGFX
AGVVV
G   V
NICE, IT WORKS!



DVAXV DDDGF DAGAX DAAFA AAAXD AADAA GFAAX XVFXF DGXXG AAGDA GFDAG FDGXX XGGDG GAVDF AGDDA XGFVG DAXAX DVXAV GFDGV FXFDX DDXAA AAFGV GADGG ADADG AGGXA XDDDA GVDXG VAFFG XDGVX AGVAA VFVXA GDXAG DFGXA FDXVD DVFDV VADXG GADFG VGVAA GFDGX VAXGD AAGXV DVVAA VAGFA FADDD DVXVG XAFDA AVXGA FGVDF AFVGV AGDFX AXADD XGGDF XXDGA ADXVD DAVDA DFFDD GDDAD FDVAF DAGAD XGVVV VAAFG VGVAG DGVDD AAADD GXDFA XVAAF GFAAD XAADG AFGDV XGXDX DAAFA DGFAV DFGAA ADDFA AVDXA VFAAG ADFGD XGGAF ADAXD ADGAD AVDXA FDFAX VVADG ADDGD AAGFA AAVAV DVAFV VGGAV DFAXV FVXGA GFDGD FDADX GGDDA DGFAX ADDAG XVVAD VFDVA XDGXG GAGXV AAFDD AGAFG GVVAA AAGXX AGADA DAGDV FVDDX DADFV DAADD AXXDA XVAGX VAAGV FAAGD ADVXD AVFAA DDXFV FVADD GGGAD FFAGA DDXAA GGAXA GDVVV FXGAV VFDFD GAADA DAAGA ADXGD AGDDA AAVVV DDAAV XDAAD DADXA GDAXG GDAXX AAAVX VVADG VXFVA XDAXD FADVV FXDXA DVVDF DVGGA DAAXG GXDFA FDVGD ADADV DXDGA DVVGG GVAVX XDAAV ADAVA DAFVX XXGAF ADAAX ADGVA AFVAX VVXXD AFADV DVAVA DADDA AVDXA GDGGG GAVVG AFGGF FVDGD AFFGG GGADV AAGFA VVDGD DFDAA DDAGA AVXXA FXXAD AAVFA AGFGX XFDAG AXADA XDGXD AAFVA VDDFD XVVFV VADVD FVAVA AFAAG FDFAG AFAXV AXADA DAVAG DDVGG AFAAG AAGGA DXGXV GGDDD GDVGD FAXAG DDVFD VVFDF AFADA XDVXG FXAGA ADGXV XFVDV GDGVA GDVXA XDFGV GFDXD FGVVX VDVXD AVFXD VDVAG ADFAV GXVAX GDAGV DXXDG VGFAA GFGAD GAAVA AAVFV AVFAG XAAAD FAVDF XXAVA AFXVV AAAXD ADADD DXADX VVDGD DFDDV GXGAA AAGDG AGADV XAGGA AADDG GDAFX ADGFA GDAXD AFVGA AFXFD DVAGX DFXFG AAFDA GAXVA DGAGV GDGDA AFDXA XDFAG GFAXX VXDGD AAGAV DGFDA GFDXA FADDV ADFDA XXVAD GXAFG AVDAF VADAD DGFGF DAGAV DADDA GAVDA FVAAG XXDAA AAXVV DVVVG FXVAF XAAXD FGAAG AFDAG DGAAX GGGFA FDAGF DFAAV FAGDF DGXAD AVVDA GXAGG DDXGG AVAFD GADGF DGGXA FXVAX AAGFA GDVAV DDXDG AVXAD AFDDF AGAFF VAXDG FADDA GADDA XFFVA VXDVG ADXVD AXVGG GFDDF DAADG AAFXX DGFFD DXFDF DAVGV VAXVA DXAFD DVVAG DXVXA GVAGA DADXA DDFDF AFFDX XVAGX AAADG DGFXA XFXDG GAAAV DVGAA VXVVF FADAV XAAGF AFVXX DXAAG GDAAV AAVAG ADADD AGAXA AXVVV FDDGA XXVXV VAFXA DXDXG AADDA GAVFV FXAAD AAGGV DVXAF VXVAG FDXDF AADVG GDADF DXVDA AAFDA DDVDV AXVVA GGAVV FDDDF GFADX FGXGG GAAFA DDAAX ADXVA AAAAD DAAVV ADFAA ADGFF FGGFD AXADG VAAVF AAGXA AVVDA AFAFA XVADV DVFXG VAVGD XAXAD ADADF DDVDX VFVDA VVAXD FAXDG AGGAX AFDDG DDXGA VXAFF DAXXV ADVGX DAADV ADGAD AGGDX GFAVA FDADA ADADG GAXAG FXAXX AXGFG DAGDV DVVVV VAVGD ADAAX VGGVA ADXAX XFDGG FAGDV AGGGV FVXDD DAAAD DAAAX DAGDG GGXAA GXVXA AGVDD AXAFD DAAXA VDVVD DGADX XGVFF AGGAF DAGGA VDVAD AVADG DDAAD VAAAG XDFGA GVVFD GXDVG AAAAX DDAAF ADXFD VAXAF GFVDD XAADA AXDDV ADAAA GXVXA GGVDD GXVVA DXAXX ADDAA VGFGD GGDGV AVXGF AFAAG XDVGF AVDAD FDDAA AADFV XFFDF VAGGV XADFA VFDFV AFVAV GFDDA VGFDX AAGAX FAAGA DADFD AGDFV DDGAA AGADA GGFDA GGFVG AAGAD VDGDV DADFG VGFDD XFAAD AAADV ADAXV DGAFX AVGAD AAAXD DXVFA FXXAG DDFXD VXAGF DXXAV DVVAX DXAXX XAAXA XDAAD VGFVF DAAAG ADXVV GVDXG XXFVG DGXAG VDXGX VADAF XGDVF DAVDA ADGVA GDGDG FVAAF VFDAX VAGDA GFXDA DGDVF XXVXX FVADA XDGGG DAVAG GADGG XXDVX DDXAV XGAAD VGXXX XGXGA GGGFD ADFXF XADGG GDVAA DAGAA VAGGA AAGXD XDDAV XDDAG XAAGA FFDXX AGFDA GDXFV VGDDV ADDDX DFVAF VFAVA GDAAG GFDDA DGFDF DAGAX VAGAG DADAD DGXFD AXXAD GGXAV DAXVV FGVGA XVAXV GDXAA DXADX DVDVA AXVXX AGXGF GADFD FAXVV AAVAD FAAXA AFGAG XXADV AXAXD DGVXA VVDAX FGXGD GAVDA AADAF GVGGG DAXFD XADVV FAADA DAGAD XVFVF XDADA FDAGX DGDXD FAXVF DAFDG FDAXA DFDXV ADADA VAAAA AGVAG DADAD FGAGD VADXX FVFDG GFGFD XDAGX DFAAD DDAGA GAAAD GAGGA GXXAG VAAAX AFDXD FVFXA GDGXV XVXDA GAAFD ADADD VAAAG DGFAD DFFFD DGAGF XDXXV VVGGA XAXGG VVXGA DDAAD GGDVA VADAX VXXGA GAAFD FFADF DDAXG XDFAA GFFDA FXGDD XGAVA FVFDD VFDDD VDVAF DVAXA FDVAD DAGXA DVXDX VV
fddaad vfgadxdx agdg xdaaxvxadxadfdaddxaf gxdgaddxaddgdg




FDDAADV
FGADXDX
AGDGXDA
AXVXADX
ADFDADD
XAFGXDG
ADDXADD
GDG




DDVFAAD
AGXFDXD
DGAAGXD
VXXAXAD
FDDADAD
FAGXGXD
DDDAXAD
GD G   
NICE, IT WORKS!



DADVF FDGDG GXDAD DVXAX DGDFF AAAXA GADGX DGXAX XAAXA DDDDD DD